<?xml version="1.0" encoding="UTF-8" ?>
<testsuite tests="3" failures="0" name="com.two.dao.UserMapperTest" time="0.908" errors="2" skipped="0">
  <properties>
[...]
</properties>
  <testcase classname="com.two.dao.UserMapperTest" name="selectByPrimaryKey" time="0.872">
    <error type="java.lang.NullPointerException">java.lang.NullPointerException
	at com.two.dao.UserMapperTest.selectByPrimaryKey(UserMapperTest.java:50)
	at sun.reflect.NativeMethodAccessorImpl.invoke0(Native Method)
	at sun.reflect.NativeMethodAccessorImpl.invoke(NativeMethodAccessorImpl.java:62)
	at sun.reflect.DelegatingMethodAccessorImpl.invoke(DelegatingMethodAccessorImpl.java:43)
	at java.lang.reflect.Method.invoke(Method.java:498)
	at org.junit.runners.model.FrameworkMethod$1.runReflectiveCall(FrameworkMethod.java:47)
	at org.junit.internal.runners.model.ReflectiveCallable.run(ReflectiveCallable.java:12)
	at org.junit.runners.model.FrameworkMethod.invokeExplosively(FrameworkMethod.java:44)
	at org.junit.internal.runners.statements.InvokeMethod.evaluate(InvokeMethod.java:17)
	at org.springframework.test.context.junit4.statements.RunBeforeTestMethodCallbacks.evaluate(RunBeforeTestMethodCallbacks.java:73)
	at org.springframework.test.context.junit4.statements.RunAfterTestMethodCallbacks.evaluate(RunAfterTestMethodCallbacks.java:82)
	at org.springframework.test.context.junit4.statements.SpringRepeat.evaluate(SpringRepeat.java:73)
	at org.junit.runners.ParentRunner.runLeaf(ParentRunner.java:271)
	at org.springframework.test.context.junit4.SpringJUnit4ClassRunner.runChild(SpringJUnit4ClassRunner.java:224)
	at org.springframework.test.context.junit4.SpringJUnit4ClassRunner.runChild(SpringJUnit4ClassRunner.java:83)
	at org.junit.runners.ParentRunner$3.run(ParentRunner.java:238)
	at org.junit.runners.ParentRunner$1.schedule(ParentRunner.java:63)
	at org.junit.runners.ParentRunner.runChildren(ParentRunner.java:236)
	at org.junit.runners.ParentRunner.access$000(ParentRunner.java:53)
	at org.junit.runners.ParentRunner$2.evaluate(ParentRunner.java:229)
	at org.springframework.test.context.junit4.statements.RunBeforeTestClassCallbacks.evaluate(RunBeforeTestClassCallbacks.java:61)
	at org.springframework.test.context.junit4.statements.RunAfterTestClassCallbacks.evaluate(RunAfterTestClassCallbacks.java:68)
	at org.junit.runners.ParentRunner.run(ParentRunner.java:309)
	at org.springframework.test.context.junit4.SpringJUnit4ClassRunner.run(SpringJUnit4ClassRunner.java:163)
	at org.apache.maven.surefire.junit4.JUnit4Provider.execute(JUnit4Provider.java:252)
	at org.apache.maven.surefire.junit4.JUnit4Provider.executeTestSet(JUnit4Provider.java:141)
	at org.apache.maven.surefire.junit4.JUnit4Provider.invoke(JUnit4Provider.java:112)
	at sun.reflect.NativeMethodAccessorImpl.invoke0(Native Method)
	at sun.reflect.NativeMethodAccessorImpl.invoke(NativeMethodAccessorImpl.java:62)
	at sun.reflect.DelegatingMethodAccessorImpl.invoke(DelegatingMethodAccessorImpl.java:43)
	at java.lang.reflect.Method.invoke(Method.java:498)
	at org.apache.maven.surefire.util.ReflectionUtils.invokeMethodWithArray(ReflectionUtils.java:189)
	at org.apache.maven.surefire.booter.ProviderFactory$ProviderProxy.invoke(ProviderFactory.java:165)
	at org.apache.maven.surefire.booter.ProviderFactory.invokeProvider(ProviderFactory.java:85)
	at org.apache.maven.surefire.booter.ForkedBooter.runSuitesInProcess(ForkedBooter.java:115)
	at org.apache.maven.surefire.booter.ForkedBooter.main(ForkedBooter.java:75)
</error>
    <system-out>2019-03-19 08:47:53,577 [main] DEBUG [org.springframework.test.context.junit4.SpringJUnit4ClassRunner] - SpringJUnit4ClassRunner constructor called with [class com.two.dao.UserMapperTest].
2019-03-19 08:47:53,609 [main] DEBUG [org.springframework.test.context.BootstrapUtils] - Instantiating TestContextBootstrapper from class [org.springframework.test.context.support.DefaultTestContextBootstrapper]
2019-03-19 08:47:53,655 [main] DEBUG [org.springframework.test.context.support.AbstractDelegatingSmartContextLoader] - Delegating to GenericXmlContextLoader to process context configuration [ContextConfigurationAttributes@1554909b declaringClass = &apos;com.two.dao.UserMapperTest&apos;, classes = &apos;{}&apos;, locations = &apos;{classpath:spring-mybatis.xml}&apos;, inheritLocations = true, initializers = &apos;{}&apos;, inheritInitializers = true, name = [null], contextLoaderClass = &apos;org.springframework.test.context.ContextLoader&apos;].
2019-03-19 08:47:53,655 [main] DEBUG [org.springframework.test.context.support.ActiveProfilesUtils] - Could not find an &apos;annotation declaring class&apos; for annotation type [org.springframework.test.context.ActiveProfiles] and class [com.two.dao.UserMapperTest]
2019-03-19 08:47:53,671 [main] DEBUG [org.springframework.test.context.support.DefaultTestContextBootstrapper] - @TestExecutionListeners is not present for class [com.two.dao.UserMapperTest]: using defaults.
2019-03-19 08:47:53,687 [main] INFO  [org.springframework.test.context.support.DefaultTestContextBootstrapper] - Loaded default TestExecutionListener class names from location [META-INF/spring.factories]: [org.springframework.test.context.web.ServletTestExecutionListener, org.springframework.test.context.support.DependencyInjectionTestExecutionListener, org.springframework.test.context.support.DirtiesContextTestExecutionListener, org.springframework.test.context.transaction.TransactionalTestExecutionListener, org.springframework.test.context.jdbc.SqlScriptsTestExecutionListener]
2019-03-19 08:47:53,687 [main] INFO  [org.springframework.test.context.support.DefaultTestContextBootstrapper] - Could not instantiate TestExecutionListener [org.springframework.test.context.web.ServletTestExecutionListener]. Specify custom listener classes or make the default listener classes (and their required dependencies) available. Offending class: [org/springframework/web/context/request/RequestAttributes]
2019-03-19 08:47:53,734 [main] INFO  [org.springframework.test.context.support.DefaultTestContextBootstrapper] - Using TestExecutionListeners: [org.springframework.test.context.support.DependencyInjectionTestExecutionListener@215be6bb, org.springframework.test.context.support.DirtiesContextTestExecutionListener@4439f31e, org.springframework.test.context.transaction.TransactionalTestExecutionListener@5dfcfece, org.springframework.test.context.jdbc.SqlScriptsTestExecutionListener@23ceabc1]
2019-03-19 08:47:53,734 [main] DEBUG [org.springframework.test.annotation.ProfileValueUtils] - Retrieved @ProfileValueSourceConfiguration [null] for test class [com.two.dao.UserMapperTest]
2019-03-19 08:47:53,734 [main] DEBUG [org.springframework.test.annotation.ProfileValueUtils] - Retrieved ProfileValueSource type [class org.springframework.test.annotation.SystemProfileValueSource] for class [com.two.dao.UserMapperTest]
2019-03-19 08:47:53,734 [main] DEBUG [org.springframework.test.annotation.ProfileValueUtils] - Retrieved @ProfileValueSourceConfiguration [null] for test class [com.two.dao.UserMapperTest]
2019-03-19 08:47:53,734 [main] DEBUG [org.springframework.test.annotation.ProfileValueUtils] - Retrieved ProfileValueSource type [class org.springframework.test.annotation.SystemProfileValueSource] for class [com.two.dao.UserMapperTest]
2019-03-19 08:47:53,734 [main] DEBUG [org.springframework.test.annotation.ProfileValueUtils] - Retrieved @ProfileValueSourceConfiguration [null] for test class [com.two.dao.UserMapperTest]
2019-03-19 08:47:53,734 [main] DEBUG [org.springframework.test.annotation.ProfileValueUtils] - Retrieved ProfileValueSource type [class org.springframework.test.annotation.SystemProfileValueSource] for class [com.two.dao.UserMapperTest]
2019-03-19 08:47:53,749 [main] DEBUG [org.springframework.test.context.support.DependencyInjectionTestExecutionListener] - Performing dependency injection for test context [[DefaultTestContext@4b9e13df testClass = UserMapperTest, testInstance = com.two.dao.UserMapperTest@2b98378d, testMethod = [null], testException = [null], mergedContextConfiguration = [MergedContextConfiguration@475530b9 testClass = UserMapperTest, locations = &apos;{classpath:spring-mybatis.xml}&apos;, classes = &apos;{}&apos;, contextInitializerClasses = &apos;[]&apos;, activeProfiles = &apos;{}&apos;, propertySourceLocations = &apos;{}&apos;, propertySourceProperties = &apos;{}&apos;, contextLoader = &apos;org.springframework.test.context.support.DelegatingSmartContextLoader&apos;, parent = [null]]]].
2019-03-19 08:47:53,749 [main] DEBUG [org.springframework.test.context.support.AbstractDelegatingSmartContextLoader] - Delegating to GenericXmlContextLoader to load context from [MergedContextConfiguration@475530b9 testClass = UserMapperTest, locations = &apos;{classpath:spring-mybatis.xml}&apos;, classes = &apos;{}&apos;, contextInitializerClasses = &apos;[]&apos;, activeProfiles = &apos;{}&apos;, propertySourceLocations = &apos;{}&apos;, propertySourceProperties = &apos;{}&apos;, contextLoader = &apos;org.springframework.test.context.support.DelegatingSmartContextLoader&apos;, parent = [null]].
2019-03-19 08:47:53,749 [main] DEBUG [org.springframework.test.context.support.AbstractGenericContextLoader] - Loading ApplicationContext for merged context configuration [[MergedContextConfiguration@475530b9 testClass = UserMapperTest, locations = &apos;{classpath:spring-mybatis.xml}&apos;, classes = &apos;{}&apos;, contextInitializerClasses = &apos;[]&apos;, activeProfiles = &apos;{}&apos;, propertySourceLocations = &apos;{}&apos;, propertySourceProperties = &apos;{}&apos;, contextLoader = &apos;org.springframework.test.context.support.DelegatingSmartContextLoader&apos;, parent = [null]]].
2019-03-19 08:47:53,921 [main] DEBUG [org.springframework.core.env.StandardEnvironment] - Adding [systemProperties] PropertySource with lowest search precedence
2019-03-19 08:47:53,921 [main] DEBUG [org.springframework.core.env.StandardEnvironment] - Adding [systemEnvironment] PropertySource with lowest search precedence
2019-03-19 08:47:53,921 [main] DEBUG [org.springframework.core.env.StandardEnvironment] - Initialized StandardEnvironment with PropertySources [systemProperties,systemEnvironment]
2019-03-19 08:47:53,937 [main] INFO  [org.springframework.beans.factory.xml.XmlBeanDefinitionReader] - Loading XML bean definitions from class path resource [spring-mybatis.xml]
2019-03-19 08:47:53,984 [main] DEBUG [org.springframework.beans.factory.xml.DefaultDocumentLoader] - Using JAXP provider [com.sun.org.apache.xerces.internal.jaxp.DocumentBuilderFactoryImpl]
2019-03-19 08:47:54,046 [main] DEBUG [org.springframework.beans.factory.xml.PluggableSchemaResolver] - Loading schema mappings from [META-INF/spring.schemas]
2019-03-19 08:47:54,062 [main] DEBUG [org.springframework.beans.factory.xml.PluggableSchemaResolver] - Loaded schema mappings: {http://www.springframework.org/schema/tx/spring-tx-2.5.xsd=org/springframework/transaction/config/spring-tx-2.5.xsd, http://www.springframework.org/schema/aop/spring-aop-4.1.xsd=org/springframework/aop/config/spring-aop-4.1.xsd, http://www.springframework.org/schema/context/spring-context-3.1.xsd=org/springframework/context/config/spring-context-3.1.xsd, http://www.springframework.org/schema/jdbc/spring-jdbc-4.1.xsd=org/springframework/jdbc/config/spring-jdbc-4.1.xsd, http://www.springframework.org/schema/util/spring-util-3.0.xsd=org/springframework/beans/factory/xml/spring-util-3.0.xsd, http://www.springframework.org/schema/tool/spring-tool.xsd=org/springframework/beans/factory/xml/spring-tool-4.1.xsd, http://www.springframework.org/schema/aop/spring-aop-3.2.xsd=org/springframework/aop/config/spring-aop-3.2.xsd, http://mybatis.org/schema/mybatis-spring-1.2.xsd=org/mybatis/spring/config/mybatis-spring-1.2.xsd, http://www.springframework.org/schema/lang/spring-lang-4.1.xsd=org/springframework/scripting/config/spring-lang-4.1.xsd, http://www.springframework.org/schema/context/spring-context-4.0.xsd=org/springframework/context/config/spring-context-4.0.xsd, http://www.springframework.org/schema/tool/spring-tool-4.1.xsd=org/springframework/beans/factory/xml/spring-tool-4.1.xsd, http://www.springframework.org/schema/lang/spring-lang-3.2.xsd=org/springframework/scripting/config/spring-lang-3.2.xsd, http://www.springframework.org/schema/cache/spring-cache-3.2.xsd=org/springframework/cache/config/spring-cache-3.2.xsd, http://www.springframework.org/schema/jee/spring-jee-4.1.xsd=org/springframework/ejb/config/spring-jee-4.1.xsd, http://www.springframework.org/schema/jdbc/spring-jdbc-3.1.xsd=org/springframework/jdbc/config/spring-jdbc-3.1.xsd, http://www.springframework.org/schema/util/spring-util-2.0.xsd=org/springframework/beans/factory/xml/spring-util-2.0.xsd, http://www.springframework.org/schema/tool/spring-tool-3.2.xsd=org/springframework/beans/factory/xml/spring-tool-3.2.xsd, http://www.springframework.org/schema/context/spring-context.xsd=org/springframework/context/config/spring-context-4.1.xsd, http://www.springframework.org/schema/cache/spring-cache-4.1.xsd=org/springframework/cache/config/spring-cache-4.1.xsd, http://www.springframework.org/schema/aop/spring-aop-4.0.xsd=org/springframework/aop/config/spring-aop-4.0.xsd, http://www.springframework.org/schema/jee/spring-jee-3.2.xsd=org/springframework/ejb/config/spring-jee-3.2.xsd, http://www.springframework.org/schema/context/spring-context-3.0.xsd=org/springframework/context/config/spring-context-3.0.xsd, http://www.springframework.org/schema/jdbc/spring-jdbc-4.0.xsd=org/springframework/jdbc/config/spring-jdbc-4.0.xsd, http://www.springframework.org/schema/util/spring-util-2.5.xsd=org/springframework/beans/factory/xml/spring-util-2.5.xsd, http://www.springframework.org/schema/beans/spring-beans-3.2.xsd=org/springframework/beans/factory/xml/spring-beans-3.2.xsd, http://www.springframework.org/schema/aop/spring-aop-3.1.xsd=org/springframework/aop/config/spring-aop-3.1.xsd, http://www.springframework.org/schema/lang/spring-lang-4.0.xsd=org/springframework/scripting/config/spring-lang-4.0.xsd, http://www.springframework.org/schema/beans/spring-beans-4.1.xsd=org/springframework/beans/factory/xml/spring-beans-4.1.xsd, http://www.springframework.org/schema/tool/spring-tool-4.0.xsd=org/springframework/beans/factory/xml/spring-tool-4.0.xsd, http://www.springframework.org/schema/tx/spring-tx-3.2.xsd=org/springframework/transaction/config/spring-tx-3.2.xsd, http://www.springframework.org/schema/lang/spring-lang-3.1.xsd=org/springframework/scripting/config/spring-lang-3.1.xsd, http://www.springframework.org/schema/cache/spring-cache-3.1.xsd=org/springframework/cache/config/spring-cache-3.1.xsd, http://www.springframework.org/schema/jee/spring-jee-4.0.xsd=org/springframework/ejb/config/spring-jee-4.0.xsd, http://www.springframework.org/schema/jdbc/spring-jdbc-3.0.xsd=org/springframework/jdbc/config/spring-jdbc-3.0.xsd, http://www.springframework.org/schema/task/spring-task-4.1.xsd=org/springframework/scheduling/config/spring-task-4.1.xsd, http://www.springframework.org/schema/jdbc/spring-jdbc.xsd=org/springframework/jdbc/config/spring-jdbc-4.1.xsd, http://www.springframework.org/schema/tool/spring-tool-3.1.xsd=org/springframework/beans/factory/xml/spring-tool-3.1.xsd, http://www.springframework.org/schema/tx/spring-tx-4.1.xsd=org/springframework/transaction/config/spring-tx-4.1.xsd, http://www.springframework.org/schema/cache/spring-cache-4.0.xsd=org/springframework/cache/config/spring-cache-4.0.xsd, http://www.springframework.org/schema/jee/spring-jee-3.1.xsd=org/springframework/ejb/config/spring-jee-3.1.xsd, http://www.springframework.org/schema/task/spring-task-3.2.xsd=org/springframework/scheduling/config/spring-task-3.2.xsd, http://www.springframework.org/schema/beans/spring-beans-3.1.xsd=org/springframework/beans/factory/xml/spring-beans-3.1.xsd, http://www.springframework.org/schema/util/spring-util.xsd=org/springframework/beans/factory/xml/spring-util-4.1.xsd, http://www.springframework.org/schema/aop/spring-aop-3.0.xsd=org/springframework/aop/config/spring-aop-3.0.xsd, http://www.springframework.org/schema/beans/spring-beans-4.0.xsd=org/springframework/beans/factory/xml/spring-beans-4.0.xsd, http://www.springframework.org/schema/beans/spring-beans.xsd=org/springframework/beans/factory/xml/spring-beans-4.1.xsd, http://www.springframework.org/schema/tx/spring-tx-3.1.xsd=org/springframework/transaction/config/spring-tx-3.1.xsd, http://www.springframework.org/schema/lang/spring-lang-3.0.xsd=org/springframework/scripting/config/spring-lang-3.0.xsd, http://mybatis.org/schema/mybatis-spring.xsd=org/mybatis/spring/config/mybatis-spring-1.2.xsd, http://www.springframework.org/schema/context/spring-context-2.5.xsd=org/springframework/context/config/spring-context-2.5.xsd, http://www.springframework.org/schema/task/spring-task-4.0.xsd=org/springframework/scheduling/config/spring-task-4.0.xsd, http://www.springframework.org/schema/tool/spring-tool-3.0.xsd=org/springframework/beans/factory/xml/spring-tool-3.0.xsd, http://www.springframework.org/schema/tx/spring-tx-4.0.xsd=org/springframework/transaction/config/spring-tx-4.0.xsd, http://www.springframework.org/schema/aop/spring-aop-2.0.xsd=org/springframework/aop/config/spring-aop-2.0.xsd, http://www.springframework.org/schema/jee/spring-jee-3.0.xsd=org/springframework/ejb/config/spring-jee-3.0.xsd, http://www.springframework.org/schema/util/spring-util-4.1.xsd=org/springframework/beans/factory/xml/spring-util-4.1.xsd, http://www.springframework.org/schema/task/spring-task-3.1.xsd=org/springframework/scheduling/config/spring-task-3.1.xsd, http://www.springframework.org/schema/beans/spring-beans-3.0.xsd=org/springframework/beans/factory/xml/spring-beans-3.0.xsd, http://www.springframework.org/schema/jee/spring-jee.xsd=org/springframework/ejb/config/spring-jee-4.1.xsd, http://www.springframework.org/schema/aop/spring-aop-2.5.xsd=org/springframework/aop/config/spring-aop-2.5.xsd, http://www.springframework.org/schema/lang/spring-lang-2.0.xsd=org/springframework/scripting/config/spring-lang-2.0.xsd, http://www.springframework.org/schema/util/spring-util-3.2.xsd=org/springframework/beans/factory/xml/spring-util-3.2.xsd, http://www.springframework.org/schema/task/spring-task.xsd=org/springframework/scheduling/config/spring-task-4.1.xsd, http://www.springframework.org/schema/tool/spring-tool-2.0.xsd=org/springframework/beans/factory/xml/spring-tool-2.0.xsd, http://www.springframework.org/schema/tx/spring-tx-3.0.xsd=org/springframework/transaction/config/spring-tx-3.0.xsd, http://www.springframework.org/schema/lang/spring-lang-2.5.xsd=org/springframework/scripting/config/spring-lang-2.5.xsd, http://www.springframework.org/schema/jee/spring-jee-2.0.xsd=org/springframework/ejb/config/spring-jee-2.0.xsd, http://www.springframework.org/schema/tool/spring-tool-2.5.xsd=org/springframework/beans/factory/xml/spring-tool-2.5.xsd, http://www.springframework.org/schema/jee/spring-jee-2.5.xsd=org/springframework/ejb/config/spring-jee-2.5.xsd, http://www.springframework.org/schema/util/spring-util-4.0.xsd=org/springframework/beans/factory/xml/spring-util-4.0.xsd, http://www.springframework.org/schema/task/spring-task-3.0.xsd=org/springframework/scheduling/config/spring-task-3.0.xsd, http://www.springframework.org/schema/lang/spring-lang.xsd=org/springframework/scripting/config/spring-lang-4.1.xsd, http://www.springframework.org/schema/context/spring-context-3.2.xsd=org/springframework/context/config/spring-context-3.2.xsd, http://www.springframework.org/schema/util/spring-util-3.1.xsd=org/springframework/beans/factory/xml/spring-util-3.1.xsd, http://www.springframework.org/schema/beans/spring-beans-2.0.xsd=org/springframework/beans/factory/xml/spring-beans-2.0.xsd, http://www.springframework.org/schema/cache/spring-cache.xsd=org/springframework/cache/config/spring-cache-4.1.xsd, http://www.springframework.org/schema/tx/spring-tx.xsd=org/springframework/transaction/config/spring-tx-4.1.xsd, http://www.springframework.org/schema/context/spring-context-4.1.xsd=org/springframework/context/config/spring-context-4.1.xsd, http://www.springframework.org/schema/beans/spring-beans-2.5.xsd=org/springframework/beans/factory/xml/spring-beans-2.5.xsd, http://www.springframework.org/schema/tx/spring-tx-2.0.xsd=org/springframework/transaction/config/spring-tx-2.0.xsd, http://www.springframework.org/schema/jdbc/spring-jdbc-3.2.xsd=org/springframework/jdbc/config/spring-jdbc-3.2.xsd, http://www.springframework.org/schema/aop/spring-aop.xsd=org/springframework/aop/config/spring-aop-4.1.xsd}
2019-03-19 08:47:54,062 [main] DEBUG [org.springframework.beans.factory.xml.PluggableSchemaResolver] - Found XML schema [http://www.springframework.org/schema/beans/spring-beans.xsd] in classpath: org/springframework/beans/factory/xml/spring-beans-4.1.xsd
2019-03-19 08:47:54,124 [main] DEBUG [org.springframework.beans.factory.xml.PluggableSchemaResolver] - Found XML schema [http://www.springframework.org/schema/context/spring-context.xsd] in classpath: org/springframework/context/config/spring-context-4.1.xsd
2019-03-19 08:47:54,140 [main] DEBUG [org.springframework.beans.factory.xml.PluggableSchemaResolver] - Found XML schema [http://www.springframework.org/schema/tool/spring-tool-4.1.xsd] in classpath: org/springframework/beans/factory/xml/spring-tool-4.1.xsd
2019-03-19 08:47:54,155 [main] DEBUG [org.springframework.beans.factory.xml.DefaultBeanDefinitionDocumentReader] - Loading bean definitions
2019-03-19 08:47:54,171 [main] DEBUG [org.springframework.beans.factory.xml.DefaultNamespaceHandlerResolver] - Loaded NamespaceHandler mappings: {http://www.springframework.org/schema/p=org.springframework.beans.factory.xml.SimplePropertyNamespaceHandler, http://www.springframework.org/schema/util=org.springframework.beans.factory.xml.UtilNamespaceHandler, http://www.springframework.org/schema/jee=org.springframework.ejb.config.JeeNamespaceHandler, http://www.springframework.org/schema/aop=org.springframework.aop.config.AopNamespaceHandler, http://www.springframework.org/schema/jdbc=org.springframework.jdbc.config.JdbcNamespaceHandler, http://www.springframework.org/schema/cache=org.springframework.cache.config.CacheNamespaceHandler, http://mybatis.org/schema/mybatis-spring=org.mybatis.spring.config.NamespaceHandler, http://www.springframework.org/schema/c=org.springframework.beans.factory.xml.SimpleConstructorNamespaceHandler, http://www.springframework.org/schema/tx=org.springframework.transaction.config.TxNamespaceHandler, http://www.springframework.org/schema/task=org.springframework.scheduling.config.TaskNamespaceHandler, http://www.springframework.org/schema/lang=org.springframework.scripting.config.LangNamespaceHandler, http://www.springframework.org/schema/context=org.springframework.context.config.ContextNamespaceHandler}
2019-03-19 08:47:54,218 [main] DEBUG [org.springframework.beans.factory.xml.BeanDefinitionParserDelegate] - Neither XML &apos;id&apos; nor &apos;name&apos; specified - using generated bean name [org.mybatis.spring.mapper.MapperScannerConfigurer#0]
2019-03-19 08:47:54,218 [main] DEBUG [org.springframework.beans.factory.xml.XmlBeanDefinitionReader] - Loaded 4 bean definitions from location pattern [classpath:spring-mybatis.xml]
2019-03-19 08:47:54,234 [main] INFO  [org.springframework.context.support.GenericApplicationContext] - Refreshing org.springframework.context.support.GenericApplicationContext@77cd7a0: startup date [Tue Mar 19 08:47:54 CST 2019]; root of context hierarchy
2019-03-19 08:47:54,234 [main] DEBUG [org.springframework.context.support.GenericApplicationContext] - Bean factory for org.springframework.context.support.GenericApplicationContext@77cd7a0: org.springframework.beans.factory.support.DefaultListableBeanFactory@3bd94634: defining beans [org.springframework.context.support.PropertySourcesPlaceholderConfigurer#0,dataSource,sqlSessionFactory,org.mybatis.spring.mapper.MapperScannerConfigurer#0,org.springframework.context.annotation.internalConfigurationAnnotationProcessor,org.springframework.context.annotation.internalAutowiredAnnotationProcessor,org.springframework.context.annotation.internalRequiredAnnotationProcessor,org.springframework.context.annotation.internalCommonAnnotationProcessor]; root of factory hierarchy
2019-03-19 08:47:54,265 [main] DEBUG [org.springframework.beans.factory.support.DefaultListableBeanFactory] - Creating shared instance of singleton bean &apos;org.springframework.context.annotation.internalConfigurationAnnotationProcessor&apos;
2019-03-19 08:47:54,265 [main] DEBUG [org.springframework.beans.factory.support.DefaultListableBeanFactory] - Creating instance of bean &apos;org.springframework.context.annotation.internalConfigurationAnnotationProcessor&apos;
2019-03-19 08:47:54,280 [main] DEBUG [org.springframework.beans.factory.support.DefaultListableBeanFactory] - Eagerly caching bean &apos;org.springframework.context.annotation.internalConfigurationAnnotationProcessor&apos; to allow for resolving potential circular references
2019-03-19 08:47:54,280 [main] DEBUG [org.springframework.beans.factory.support.DefaultListableBeanFactory] - Finished creating instance of bean &apos;org.springframework.context.annotation.internalConfigurationAnnotationProcessor&apos;
2019-03-19 08:47:54,343 [main] DEBUG [org.springframework.beans.factory.support.DefaultListableBeanFactory] - Creating shared instance of singleton bean &apos;org.mybatis.spring.mapper.MapperScannerConfigurer#0&apos;
2019-03-19 08:47:54,343 [main] DEBUG [org.springframework.beans.factory.support.DefaultListableBeanFactory] - Creating instance of bean &apos;org.mybatis.spring.mapper.MapperScannerConfigurer#0&apos;
2019-03-19 08:47:54,353 [main] DEBUG [org.springframework.beans.factory.support.DefaultListableBeanFactory] - Eagerly caching bean &apos;org.mybatis.spring.mapper.MapperScannerConfigurer#0&apos; to allow for resolving potential circular references
2019-03-19 08:47:54,386 [main] DEBUG [org.springframework.beans.factory.support.DefaultListableBeanFactory] - Invoking afterPropertiesSet() on bean with name &apos;org.mybatis.spring.mapper.MapperScannerConfigurer#0&apos;
2019-03-19 08:47:54,386 [main] DEBUG [org.springframework.beans.factory.support.DefaultListableBeanFactory] - Finished creating instance of bean &apos;org.mybatis.spring.mapper.MapperScannerConfigurer#0&apos;
2019-03-19 08:47:54,386 [main] DEBUG [org.springframework.core.env.StandardEnvironment] - Adding [systemProperties] PropertySource with lowest search precedence
2019-03-19 08:47:54,386 [main] DEBUG [org.springframework.core.env.StandardEnvironment] - Adding [systemEnvironment] PropertySource with lowest search precedence
2019-03-19 08:47:54,386 [main] DEBUG [org.springframework.core.env.StandardEnvironment] - Initialized StandardEnvironment with PropertySources [systemProperties,systemEnvironment]
2019-03-19 08:47:54,402 [main] DEBUG [org.springframework.core.io.support.PathMatchingResourcePatternResolver] - Looking for matching resources in directory tree [D:\Java\WorkSpace\TestWebForJava\target\test-classes\com\two\dao]
2019-03-19 08:47:54,402 [main] DEBUG [org.springframework.core.io.support.PathMatchingResourcePatternResolver] - Searching directory [D:\Java\WorkSpace\TestWebForJava\target\test-classes\com\two\dao] for files matching pattern [D:/Java/WorkSpace/TestWebForJava/target/test-classes/com/two/dao/**/*.class]
2019-03-19 08:47:54,402 [main] DEBUG [org.springframework.core.io.support.PathMatchingResourcePatternResolver] - Looking for matching resources in directory tree [D:\Java\WorkSpace\TestWebForJava\target\classes\com\two\dao]
2019-03-19 08:47:54,402 [main] DEBUG [org.springframework.core.io.support.PathMatchingResourcePatternResolver] - Searching directory [D:\Java\WorkSpace\TestWebForJava\target\classes\com\two\dao] for files matching pattern [D:/Java/WorkSpace/TestWebForJava/target/classes/com/two/dao/**/*.class]
2019-03-19 08:47:54,402 [main] DEBUG [org.springframework.core.io.support.PathMatchingResourcePatternResolver] - Resolved location pattern [classpath*:com/two/dao/**/*.class] to resources [file [D:\Java\WorkSpace\TestWebForJava\target\test-classes\com\two\dao\UserMapperTest.class], file [D:\Java\WorkSpace\TestWebForJava\target\classes\com\two\dao\UserMapper.class]]
2019-03-19 08:47:54,402 [main] DEBUG [org.mybatis.spring.mapper.ClassPathMapperScanner] - Ignored because not a concrete top-level class: file [D:\Java\WorkSpace\TestWebForJava\target\test-classes\com\two\dao\UserMapperTest.class]
2019-03-19 08:47:54,417 [main] DEBUG [org.mybatis.spring.mapper.ClassPathMapperScanner] - Identified candidate component class: file [D:\Java\WorkSpace\TestWebForJava\target\classes\com\two\dao\UserMapper.class]
2019-03-19 08:47:54,417 [main] DEBUG [org.mybatis.spring.mapper.ClassPathMapperScanner] - Creating MapperFactoryBean with name &apos;userMapper&apos; and &apos;com.two.dao.UserMapper&apos; mapperInterface
2019-03-19 08:47:54,417 [main] DEBUG [org.springframework.beans.factory.support.DefaultListableBeanFactory] - Creating shared instance of singleton bean &apos;org.springframework.context.support.PropertySourcesPlaceholderConfigurer#0&apos;
2019-03-19 08:47:54,417 [main] DEBUG [org.springframework.beans.factory.support.DefaultListableBeanFactory] - Creating instance of bean &apos;org.springframework.context.support.PropertySourcesPlaceholderConfigurer#0&apos;
2019-03-19 08:47:54,417 [main] DEBUG [org.springframework.beans.factory.support.DefaultListableBeanFactory] - Eagerly caching bean &apos;org.springframework.context.support.PropertySourcesPlaceholderConfigurer#0&apos; to allow for resolving potential circular references
2019-03-19 08:47:54,433 [main] DEBUG [org.springframework.beans.factory.support.DefaultListableBeanFactory] - Finished creating instance of bean &apos;org.springframework.context.support.PropertySourcesPlaceholderConfigurer#0&apos;
2019-03-19 08:47:54,433 [main] DEBUG [org.springframework.core.env.MutablePropertySources] - Adding [environmentProperties] PropertySource with lowest search precedence
2019-03-19 08:47:54,433 [main] INFO  [org.springframework.context.support.PropertySourcesPlaceholderConfigurer] - Loading properties file from class path resource [jdbc.properties]
2019-03-19 08:47:54,433 [main] DEBUG [org.springframework.core.env.MutablePropertySources] - Adding [localProperties] PropertySource with lowest search precedence
2019-03-19 08:47:54,449 [main] DEBUG [org.springframework.core.env.PropertySourcesPropertyResolver] - Searching for key &apos;jdbc.driver&apos; in [environmentProperties]
2019-03-19 08:47:54,449 [main] DEBUG [org.springframework.core.env.PropertySourcesPropertyResolver] - Searching for key &apos;jdbc.driver&apos; in [systemProperties]
2019-03-19 08:47:54,449 [main] DEBUG [org.springframework.core.env.PropertySourcesPropertyResolver] - Searching for key &apos;jdbc.driver&apos; in [systemEnvironment]
2019-03-19 08:47:54,449 [main] DEBUG [org.springframework.core.env.PropertySourcesPropertyResolver] - Could not find key &apos;jdbc.driver&apos; in any property source. Returning [null]
2019-03-19 08:47:54,449 [main] DEBUG [org.springframework.core.env.PropertySourcesPropertyResolver] - Searching for key &apos;jdbc.driver&apos; in [localProperties]
2019-03-19 08:47:54,449 [main] DEBUG [org.springframework.core.env.PropertySourcesPropertyResolver] - Found key &apos;jdbc.driver&apos; in [localProperties] with type [String] and value &apos;com.mysql.jdbc.Driver&apos;
2019-03-19 08:47:54,449 [main] DEBUG [org.springframework.core.env.PropertySourcesPropertyResolver] - Searching for key &apos;jdbc.url&apos; in [environmentProperties]
2019-03-19 08:47:54,449 [main] DEBUG [org.springframework.core.env.PropertySourcesPropertyResolver] - Searching for key &apos;jdbc.url&apos; in [systemProperties]
2019-03-19 08:47:54,449 [main] DEBUG [org.springframework.core.env.PropertySourcesPropertyResolver] - Searching for key &apos;jdbc.url&apos; in [systemEnvironment]
2019-03-19 08:47:54,449 [main] DEBUG [org.springframework.core.env.PropertySourcesPropertyResolver] - Could not find key &apos;jdbc.url&apos; in any property source. Returning [null]
2019-03-19 08:47:54,449 [main] DEBUG [org.springframework.core.env.PropertySourcesPropertyResolver] - Searching for key &apos;jdbc.url&apos; in [localProperties]
2019-03-19 08:47:54,464 [main] DEBUG [org.springframework.core.env.PropertySourcesPropertyResolver] - Found key &apos;jdbc.url&apos; in [localProperties] with type [String] and value &apos;jdbc:mysql://localhost:3306/sm_project?useUnicode=true&amp;amp;characterEncoding=utf-8&amp;amp;useSSL=false&apos;
2019-03-19 08:47:54,464 [main] DEBUG [org.springframework.core.env.PropertySourcesPropertyResolver] - Searching for key &apos;jdbc.username&apos; in [environmentProperties]
2019-03-19 08:47:54,464 [main] DEBUG [org.springframework.core.env.PropertySourcesPropertyResolver] - Searching for key &apos;jdbc.username&apos; in [systemProperties]
2019-03-19 08:47:54,464 [main] DEBUG [org.springframework.core.env.PropertySourcesPropertyResolver] - Searching for key &apos;jdbc.username&apos; in [systemEnvironment]
2019-03-19 08:47:54,464 [main] DEBUG [org.springframework.core.env.PropertySourcesPropertyResolver] - Could not find key &apos;jdbc.username&apos; in any property source. Returning [null]
2019-03-19 08:47:54,464 [main] DEBUG [org.springframework.core.env.PropertySourcesPropertyResolver] - Searching for key &apos;jdbc.username&apos; in [localProperties]
2019-03-19 08:47:54,464 [main] DEBUG [org.springframework.core.env.PropertySourcesPropertyResolver] - Found key &apos;jdbc.username&apos; in [localProperties] with type [String] and value &apos;root&apos;
2019-03-19 08:47:54,464 [main] DEBUG [org.springframework.core.env.PropertySourcesPropertyResolver] - Searching for key &apos;jdbc.password&apos; in [environmentProperties]
2019-03-19 08:47:54,464 [main] DEBUG [org.springframework.core.env.PropertySourcesPropertyResolver] - Searching for key &apos;jdbc.password&apos; in [systemProperties]
2019-03-19 08:47:54,464 [main] DEBUG [org.springframework.core.env.PropertySourcesPropertyResolver] - Searching for key &apos;jdbc.password&apos; in [systemEnvironment]
2019-03-19 08:47:54,464 [main] DEBUG [org.springframework.core.env.PropertySourcesPropertyResolver] - Could not find key &apos;jdbc.password&apos; in any property source. Returning [null]
2019-03-19 08:47:54,464 [main] DEBUG [org.springframework.core.env.PropertySourcesPropertyResolver] - Searching for key &apos;jdbc.password&apos; in [localProperties]
2019-03-19 08:47:54,464 [main] DEBUG [org.springframework.core.env.PropertySourcesPropertyResolver] - Found key &apos;jdbc.password&apos; in [localProperties] with type [String] and value &apos;P@ssw0rd&apos;
2019-03-19 08:47:54,464 [main] DEBUG [org.springframework.core.env.PropertySourcesPropertyResolver] - Searching for key &apos;maxPoolSize&apos; in [environmentProperties]
2019-03-19 08:47:54,464 [main] DEBUG [org.springframework.core.env.PropertySourcesPropertyResolver] - Searching for key &apos;maxPoolSize&apos; in [systemProperties]
2019-03-19 08:47:54,464 [main] DEBUG [org.springframework.core.env.PropertySourcesPropertyResolver] - Searching for key &apos;maxPoolSize&apos; in [systemEnvironment]
2019-03-19 08:47:54,464 [main] DEBUG [org.springframework.core.env.PropertySourcesPropertyResolver] - Could not find key &apos;maxPoolSize&apos; in any property source. Returning [null]
2019-03-19 08:47:54,464 [main] DEBUG [org.springframework.core.env.PropertySourcesPropertyResolver] - Searching for key &apos;maxPoolSize&apos; in [localProperties]
2019-03-19 08:47:54,464 [main] DEBUG [org.springframework.core.env.PropertySourcesPropertyResolver] - Found key &apos;maxPoolSize&apos; in [localProperties] with type [String] and value &apos;30&apos;
2019-03-19 08:47:54,464 [main] DEBUG [org.springframework.core.env.PropertySourcesPropertyResolver] - Searching for key &apos;minPoolSize&apos; in [environmentProperties]
2019-03-19 08:47:54,464 [main] DEBUG [org.springframework.core.env.PropertySourcesPropertyResolver] - Searching for key &apos;minPoolSize&apos; in [systemProperties]
2019-03-19 08:47:54,464 [main] DEBUG [org.springframework.core.env.PropertySourcesPropertyResolver] - Searching for key &apos;minPoolSize&apos; in [systemEnvironment]
2019-03-19 08:47:54,464 [main] DEBUG [org.springframework.core.env.PropertySourcesPropertyResolver] - Could not find key &apos;minPoolSize&apos; in any property source. Returning [null]
2019-03-19 08:47:54,464 [main] DEBUG [org.springframework.core.env.PropertySourcesPropertyResolver] - Searching for key &apos;minPoolSize&apos; in [localProperties]
2019-03-19 08:47:54,464 [main] DEBUG [org.springframework.core.env.PropertySourcesPropertyResolver] - Found key &apos;minPoolSize&apos; in [localProperties] with type [String] and value &apos;10&apos;
2019-03-19 08:47:54,464 [main] DEBUG [org.springframework.core.env.PropertySourcesPropertyResolver] - Searching for key &apos;autoCommitOnClose&apos; in [environmentProperties]
2019-03-19 08:47:54,464 [main] DEBUG [org.springframework.core.env.PropertySourcesPropertyResolver] - Searching for key &apos;autoCommitOnClose&apos; in [systemProperties]
2019-03-19 08:47:54,464 [main] DEBUG [org.springframework.core.env.PropertySourcesPropertyResolver] - Searching for key &apos;autoCommitOnClose&apos; in [systemEnvironment]
2019-03-19 08:47:54,464 [main] DEBUG [org.springframework.core.env.PropertySourcesPropertyResolver] - Could not find key &apos;autoCommitOnClose&apos; in any property source. Returning [null]
2019-03-19 08:47:54,464 [main] DEBUG [org.springframework.core.env.PropertySourcesPropertyResolver] - Searching for key &apos;autoCommitOnClose&apos; in [localProperties]
2019-03-19 08:47:54,464 [main] DEBUG [org.springframework.core.env.PropertySourcesPropertyResolver] - Found key &apos;autoCommitOnClose&apos; in [localProperties] with type [String] and value &apos;false&apos;
2019-03-19 08:47:54,464 [main] DEBUG [org.springframework.core.env.PropertySourcesPropertyResolver] - Searching for key &apos;checkoutTimeout&apos; in [environmentProperties]
2019-03-19 08:47:54,464 [main] DEBUG [org.springframework.core.env.PropertySourcesPropertyResolver] - Searching for key &apos;checkoutTimeout&apos; in [systemProperties]
2019-03-19 08:47:54,464 [main] DEBUG [org.springframework.core.env.PropertySourcesPropertyResolver] - Searching for key &apos;checkoutTimeout&apos; in [systemEnvironment]
2019-03-19 08:47:54,464 [main] DEBUG [org.springframework.core.env.PropertySourcesPropertyResolver] - Could not find key &apos;checkoutTimeout&apos; in any property source. Returning [null]
2019-03-19 08:47:54,464 [main] DEBUG [org.springframework.core.env.PropertySourcesPropertyResolver] - Searching for key &apos;checkoutTimeout&apos; in [localProperties]
2019-03-19 08:47:54,464 [main] DEBUG [org.springframework.core.env.PropertySourcesPropertyResolver] - Found key &apos;checkoutTimeout&apos; in [localProperties] with type [String] and value &apos;1000&apos;
2019-03-19 08:47:54,464 [main] DEBUG [org.springframework.core.env.PropertySourcesPropertyResolver] - Searching for key &apos;acquireRetryAttempts&apos; in [environmentProperties]
2019-03-19 08:47:54,464 [main] DEBUG [org.springframework.core.env.PropertySourcesPropertyResolver] - Searching for key &apos;acquireRetryAttempts&apos; in [systemProperties]
2019-03-19 08:47:54,464 [main] DEBUG [org.springframework.core.env.PropertySourcesPropertyResolver] - Searching for key &apos;acquireRetryAttempts&apos; in [systemEnvironment]
2019-03-19 08:47:54,464 [main] DEBUG [org.springframework.core.env.PropertySourcesPropertyResolver] - Could not find key &apos;acquireRetryAttempts&apos; in any property source. Returning [null]
2019-03-19 08:47:54,464 [main] DEBUG [org.springframework.core.env.PropertySourcesPropertyResolver] - Searching for key &apos;acquireRetryAttempts&apos; in [localProperties]
2019-03-19 08:47:54,464 [main] DEBUG [org.springframework.core.env.PropertySourcesPropertyResolver] - Found key &apos;acquireRetryAttempts&apos; in [localProperties] with type [String] and value &apos;2&apos;
2019-03-19 08:47:54,480 [main] DEBUG [org.springframework.beans.factory.support.DefaultListableBeanFactory] - Creating shared instance of singleton bean &apos;org.springframework.context.annotation.internalAutowiredAnnotationProcessor&apos;
2019-03-19 08:47:54,480 [main] DEBUG [org.springframework.beans.factory.support.DefaultListableBeanFactory] - Creating instance of bean &apos;org.springframework.context.annotation.internalAutowiredAnnotationProcessor&apos;
2019-03-19 08:47:54,480 [main] DEBUG [org.springframework.beans.factory.support.DefaultListableBeanFactory] - Eagerly caching bean &apos;org.springframework.context.annotation.internalAutowiredAnnotationProcessor&apos; to allow for resolving potential circular references
2019-03-19 08:47:54,480 [main] DEBUG [org.springframework.beans.factory.support.DefaultListableBeanFactory] - Finished creating instance of bean &apos;org.springframework.context.annotation.internalAutowiredAnnotationProcessor&apos;
2019-03-19 08:47:54,480 [main] DEBUG [org.springframework.beans.factory.support.DefaultListableBeanFactory] - Creating shared instance of singleton bean &apos;org.springframework.context.annotation.internalRequiredAnnotationProcessor&apos;
2019-03-19 08:47:54,480 [main] DEBUG [org.springframework.beans.factory.support.DefaultListableBeanFactory] - Creating instance of bean &apos;org.springframework.context.annotation.internalRequiredAnnotationProcessor&apos;
2019-03-19 08:47:54,480 [main] DEBUG [org.springframework.beans.factory.support.DefaultListableBeanFactory] - Eagerly caching bean &apos;org.springframework.context.annotation.internalRequiredAnnotationProcessor&apos; to allow for resolving potential circular references
2019-03-19 08:47:54,480 [main] DEBUG [org.springframework.beans.factory.support.DefaultListableBeanFactory] - Finished creating instance of bean &apos;org.springframework.context.annotation.internalRequiredAnnotationProcessor&apos;
2019-03-19 08:47:54,480 [main] DEBUG [org.springframework.beans.factory.support.DefaultListableBeanFactory] - Creating shared instance of singleton bean &apos;org.springframework.context.annotation.internalCommonAnnotationProcessor&apos;
2019-03-19 08:47:54,480 [main] DEBUG [org.springframework.beans.factory.support.DefaultListableBeanFactory] - Creating instance of bean &apos;org.springframework.context.annotation.internalCommonAnnotationProcessor&apos;
2019-03-19 08:47:54,480 [main] DEBUG [org.springframework.beans.factory.support.DefaultListableBeanFactory] - Eagerly caching bean &apos;org.springframework.context.annotation.internalCommonAnnotationProcessor&apos; to allow for resolving potential circular references
2019-03-19 08:47:54,480 [main] DEBUG [org.springframework.beans.factory.support.DefaultListableBeanFactory] - Finished creating instance of bean &apos;org.springframework.context.annotation.internalCommonAnnotationProcessor&apos;
2019-03-19 08:47:54,480 [main] DEBUG [org.springframework.beans.factory.support.DefaultListableBeanFactory] - Creating shared instance of singleton bean &apos;org.springframework.context.annotation.ConfigurationClassPostProcessor.importAwareProcessor&apos;
2019-03-19 08:47:54,480 [main] DEBUG [org.springframework.beans.factory.support.DefaultListableBeanFactory] - Creating instance of bean &apos;org.springframework.context.annotation.ConfigurationClassPostProcessor.importAwareProcessor&apos;
2019-03-19 08:47:54,480 [main] DEBUG [org.springframework.beans.factory.support.DefaultListableBeanFactory] - Eagerly caching bean &apos;org.springframework.context.annotation.ConfigurationClassPostProcessor.importAwareProcessor&apos; to allow for resolving potential circular references
2019-03-19 08:47:54,480 [main] DEBUG [org.springframework.beans.factory.support.DefaultListableBeanFactory] - Finished creating instance of bean &apos;org.springframework.context.annotation.ConfigurationClassPostProcessor.importAwareProcessor&apos;
2019-03-19 08:47:54,480 [main] DEBUG [org.springframework.beans.factory.support.DefaultListableBeanFactory] - Creating shared instance of singleton bean &apos;org.springframework.context.annotation.ConfigurationClassPostProcessor.enhancedConfigurationProcessor&apos;
2019-03-19 08:47:54,480 [main] DEBUG [org.springframework.beans.factory.support.DefaultListableBeanFactory] - Creating instance of bean &apos;org.springframework.context.annotation.ConfigurationClassPostProcessor.enhancedConfigurationProcessor&apos;
2019-03-19 08:47:54,480 [main] DEBUG [org.springframework.beans.factory.support.DefaultListableBeanFactory] - Eagerly caching bean &apos;org.springframework.context.annotation.ConfigurationClassPostProcessor.enhancedConfigurationProcessor&apos; to allow for resolving potential circular references
2019-03-19 08:47:54,480 [main] DEBUG [org.springframework.beans.factory.support.DefaultListableBeanFactory] - Finished creating instance of bean &apos;org.springframework.context.annotation.ConfigurationClassPostProcessor.enhancedConfigurationProcessor&apos;
2019-03-19 08:47:54,496 [main] DEBUG [org.springframework.context.support.GenericApplicationContext] - Unable to locate MessageSource with name &apos;messageSource&apos;: using default [org.springframework.context.support.DelegatingMessageSource@4ddced80]
2019-03-19 08:47:54,496 [main] DEBUG [org.springframework.context.support.GenericApplicationContext] - Unable to locate ApplicationEventMulticaster with name &apos;applicationEventMulticaster&apos;: using default [org.springframework.context.event.SimpleApplicationEventMulticaster@7f552bd3]
2019-03-19 08:47:54,496 [main] DEBUG [org.springframework.beans.factory.support.DefaultListableBeanFactory] - Pre-instantiating singletons in org.springframework.beans.factory.support.DefaultListableBeanFactory@3bd94634: defining beans [org.springframework.context.support.PropertySourcesPlaceholderConfigurer#0,dataSource,sqlSessionFactory,org.mybatis.spring.mapper.MapperScannerConfigurer#0,org.springframework.context.annotation.internalConfigurationAnnotationProcessor,org.springframework.context.annotation.internalAutowiredAnnotationProcessor,org.springframework.context.annotation.internalRequiredAnnotationProcessor,org.springframework.context.annotation.internalCommonAnnotationProcessor,org.springframework.context.annotation.ConfigurationClassPostProcessor.importAwareProcessor,org.springframework.context.annotation.ConfigurationClassPostProcessor.enhancedConfigurationProcessor,userMapper]; root of factory hierarchy
2019-03-19 08:47:54,496 [main] DEBUG [org.springframework.beans.factory.support.DefaultListableBeanFactory] - Returning cached instance of singleton bean &apos;org.springframework.context.support.PropertySourcesPlaceholderConfigurer#0&apos;
2019-03-19 08:47:54,496 [main] DEBUG [org.springframework.beans.factory.support.DefaultListableBeanFactory] - Creating shared instance of singleton bean &apos;dataSource&apos;
2019-03-19 08:47:54,496 [main] DEBUG [org.springframework.beans.factory.support.DefaultListableBeanFactory] - Creating instance of bean &apos;dataSource&apos;
2019-03-19 08:47:54,527 [main] INFO  [com.mchange.v2.log.MLog] - MLog clients using log4j logging.
2019-03-19 08:47:54,996 [main] INFO  [com.mchange.v2.c3p0.C3P0Registry] - Initializing c3p0-0.9.1.2 [built 21-May-2007 15:04:56; debug? true; trace: 10]
2019-03-19 08:47:55,027 [main] DEBUG [com.mchange.v2.c3p0.management.DynamicPooledDataSourceManagerMBean] - MBean: com.mchange.v2.c3p0:type=PooledDataSource[1hgeby9a114wizml15tntg|41fbdac4] registered.
2019-03-19 08:47:55,043 [main] DEBUG [org.springframework.beans.factory.support.DefaultListableBeanFactory] - Eagerly caching bean &apos;dataSource&apos; to allow for resolving potential circular references
2019-03-19 08:47:55,074 [main] DEBUG [org.springframework.beans.factory.support.DefaultListableBeanFactory] - Finished creating instance of bean &apos;dataSource&apos;
2019-03-19 08:47:55,074 [main] DEBUG [org.springframework.beans.factory.support.DefaultListableBeanFactory] - Creating shared instance of singleton bean &apos;sqlSessionFactory&apos;
2019-03-19 08:47:55,074 [main] DEBUG [org.springframework.beans.factory.support.DefaultListableBeanFactory] - Creating instance of bean &apos;sqlSessionFactory&apos;
2019-03-19 08:47:55,105 [main] DEBUG [org.springframework.beans.factory.support.DefaultListableBeanFactory] - Eagerly caching bean &apos;sqlSessionFactory&apos; to allow for resolving potential circular references
2019-03-19 08:47:55,105 [main] DEBUG [org.springframework.beans.factory.support.DefaultListableBeanFactory] - Returning cached instance of singleton bean &apos;dataSource&apos;
2019-03-19 08:47:55,121 [main] DEBUG [org.springframework.core.io.support.PathMatchingResourcePatternResolver] - Looking for matching resources in directory tree [D:\Java\WorkSpace\TestWebForJava\target\classes\mybatis]
2019-03-19 08:47:55,121 [main] DEBUG [org.springframework.core.io.support.PathMatchingResourcePatternResolver] - Searching directory [D:\Java\WorkSpace\TestWebForJava\target\classes\mybatis] for files matching pattern [D:/Java/WorkSpace/TestWebForJava/target/classes/mybatis/*.xml]
2019-03-19 08:47:55,121 [main] DEBUG [org.springframework.core.io.support.PathMatchingResourcePatternResolver] - Resolved location pattern [classpath:mybatis/*.xml] to resources [file [D:\Java\WorkSpace\TestWebForJava\target\classes\mybatis\UserMapper.xml]]
2019-03-19 08:47:55,121 [main] DEBUG [org.springframework.beans.factory.support.DefaultListableBeanFactory] - Invoking afterPropertiesSet() on bean with name &apos;sqlSessionFactory&apos;
2019-03-19 08:47:55,277 [main] DEBUG [org.mybatis.spring.SqlSessionFactoryBean] - Scanned package: &apos;com.two.entity&apos; for aliases
2019-03-19 08:47:55,308 [main] DEBUG [org.mybatis.spring.SqlSessionFactoryBean] - Parsed configuration file: &apos;class path resource [mybatis-config.xml]&apos;
2019-03-19 08:47:55,433 [main] DEBUG [org.mybatis.spring.SqlSessionFactoryBean] - Parsed mapper file: &apos;file [D:\Java\WorkSpace\TestWebForJava\target\classes\mybatis\UserMapper.xml]&apos;
2019-03-19 08:47:55,439 [main] DEBUG [org.springframework.beans.factory.support.DefaultListableBeanFactory] - Finished creating instance of bean &apos;sqlSessionFactory&apos;
2019-03-19 08:47:55,440 [main] DEBUG [org.springframework.beans.factory.support.DefaultListableBeanFactory] - Returning cached instance of singleton bean &apos;org.mybatis.spring.mapper.MapperScannerConfigurer#0&apos;
2019-03-19 08:47:55,441 [main] DEBUG [org.springframework.beans.factory.support.DefaultListableBeanFactory] - Returning cached instance of singleton bean &apos;org.springframework.context.annotation.internalConfigurationAnnotationProcessor&apos;
2019-03-19 08:47:55,441 [main] DEBUG [org.springframework.beans.factory.support.DefaultListableBeanFactory] - Returning cached instance of singleton bean &apos;org.springframework.context.annotation.internalAutowiredAnnotationProcessor&apos;
2019-03-19 08:47:55,441 [main] DEBUG [org.springframework.beans.factory.support.DefaultListableBeanFactory] - Returning cached instance of singleton bean &apos;org.springframework.context.annotation.internalRequiredAnnotationProcessor&apos;
2019-03-19 08:47:55,441 [main] DEBUG [org.springframework.beans.factory.support.DefaultListableBeanFactory] - Returning cached instance of singleton bean &apos;org.springframework.context.annotation.internalCommonAnnotationProcessor&apos;
2019-03-19 08:47:55,441 [main] DEBUG [org.springframework.beans.factory.support.DefaultListableBeanFactory] - Returning cached instance of singleton bean &apos;org.springframework.context.annotation.ConfigurationClassPostProcessor.importAwareProcessor&apos;
2019-03-19 08:47:55,441 [main] DEBUG [org.springframework.beans.factory.support.DefaultListableBeanFactory] - Returning cached instance of singleton bean &apos;org.springframework.context.annotation.ConfigurationClassPostProcessor.enhancedConfigurationProcessor&apos;
2019-03-19 08:47:55,441 [main] DEBUG [org.springframework.beans.factory.support.DefaultListableBeanFactory] - Creating shared instance of singleton bean &apos;userMapper&apos;
2019-03-19 08:47:55,441 [main] DEBUG [org.springframework.beans.factory.support.DefaultListableBeanFactory] - Creating instance of bean &apos;userMapper&apos;
2019-03-19 08:47:55,441 [main] DEBUG [org.springframework.beans.factory.support.DefaultListableBeanFactory] - Eagerly caching bean &apos;userMapper&apos; to allow for resolving potential circular references
2019-03-19 08:47:55,441 [main] DEBUG [org.springframework.beans.factory.support.DefaultListableBeanFactory] - Returning cached instance of singleton bean &apos;sqlSessionFactory&apos;
2019-03-19 08:47:55,456 [main] DEBUG [org.springframework.beans.factory.support.DefaultListableBeanFactory] - Invoking afterPropertiesSet() on bean with name &apos;userMapper&apos;
2019-03-19 08:47:55,456 [main] DEBUG [org.springframework.beans.factory.support.DefaultListableBeanFactory] - Finished creating instance of bean &apos;userMapper&apos;
2019-03-19 08:47:55,456 [main] DEBUG [org.springframework.context.support.GenericApplicationContext] - Unable to locate LifecycleProcessor with name &apos;lifecycleProcessor&apos;: using default [org.springframework.context.support.DefaultLifecycleProcessor@437da279]
2019-03-19 08:47:55,456 [main] DEBUG [org.springframework.beans.factory.support.DefaultListableBeanFactory] - Returning cached instance of singleton bean &apos;lifecycleProcessor&apos;
2019-03-19 08:47:55,472 [main] DEBUG [org.springframework.beans.factory.support.DefaultListableBeanFactory] - Returning cached instance of singleton bean &apos;sqlSessionFactory&apos;
2019-03-19 08:47:55,472 [main] DEBUG [org.springframework.core.env.PropertySourcesPropertyResolver] - Searching for key &apos;spring.liveBeansView.mbeanDomain&apos; in [systemProperties]
2019-03-19 08:47:55,472 [main] DEBUG [org.springframework.core.env.PropertySourcesPropertyResolver] - Searching for key &apos;spring.liveBeansView.mbeanDomain&apos; in [systemEnvironment]
2019-03-19 08:47:55,472 [main] DEBUG [org.springframework.core.env.PropertySourcesPropertyResolver] - Could not find key &apos;spring.liveBeansView.mbeanDomain&apos; in any property source. Returning [null]
2019-03-19 08:47:55,472 [main] DEBUG [org.springframework.test.context.DefaultCacheAwareContextLoaderDelegate] - Storing ApplicationContext in cache under key [[MergedContextConfiguration@475530b9 testClass = UserMapperTest, locations = &apos;{classpath:spring-mybatis.xml}&apos;, classes = &apos;{}&apos;, contextInitializerClasses = &apos;[]&apos;, activeProfiles = &apos;{}&apos;, propertySourceLocations = &apos;{}&apos;, propertySourceProperties = &apos;{}&apos;, contextLoader = &apos;org.springframework.test.context.support.DelegatingSmartContextLoader&apos;, parent = [null]]]
2019-03-19 08:47:55,472 [main] DEBUG [org.springframework.test.context.cache] - Spring test ApplicationContext cache statistics: [ContextCache@26e356f0 size = 1, hitCount = 0, missCount = 1, parentContextCount = 0]
2019-03-19 08:47:55,487 [main] DEBUG [org.springframework.beans.factory.annotation.InjectionMetadata] - Processing injected element of bean &apos;com.two.dao.UserMapperTest&apos;: AutowiredFieldElement for private com.two.dao.UserMapper com.two.dao.UserMapperTest.userDAO
2019-03-19 08:47:55,487 [main] DEBUG [org.springframework.beans.factory.support.DefaultListableBeanFactory] - Returning cached instance of singleton bean &apos;userMapper&apos;
2019-03-19 08:47:55,487 [main] DEBUG [org.springframework.beans.factory.annotation.AutowiredAnnotationBeanPostProcessor] - Autowiring by type from bean name &apos;com.two.dao.UserMapperTest&apos; to bean named &apos;userMapper&apos;
2019-03-19 08:47:55,519 [main] DEBUG [org.mybatis.spring.SqlSessionUtils] - Creating a new SqlSession
2019-03-19 08:47:55,519 [main] DEBUG [org.mybatis.spring.SqlSessionUtils] - SqlSession [org.apache.ibatis.session.defaults.DefaultSqlSession@4145bad8] was not registered for synchronization because synchronization is not active
2019-03-19 08:47:55,534 [main] DEBUG [org.springframework.jdbc.datasource.DataSourceUtils] - Fetching JDBC Connection from DataSource
2019-03-19 08:47:55,612 [main] DEBUG [com.mchange.v2.resourcepool.BasicResourcePool] - incremented pending_acquires: 1
2019-03-19 08:47:55,612 [main] DEBUG [com.mchange.v2.resourcepool.BasicResourcePool] - incremented pending_acquires: 2
2019-03-19 08:47:55,612 [main] DEBUG [com.mchange.v2.resourcepool.BasicResourcePool] - incremented pending_acquires: 3
2019-03-19 08:47:55,612 [main] DEBUG [com.mchange.v2.resourcepool.BasicResourcePool] - incremented pending_acquires: 4
2019-03-19 08:47:55,612 [main] DEBUG [com.mchange.v2.resourcepool.BasicResourcePool] - incremented pending_acquires: 5
2019-03-19 08:47:55,612 [main] DEBUG [com.mchange.v2.resourcepool.BasicResourcePool] - incremented pending_acquires: 6
2019-03-19 08:47:55,612 [main] DEBUG [com.mchange.v2.resourcepool.BasicResourcePool] - incremented pending_acquires: 7
2019-03-19 08:47:55,612 [main] DEBUG [com.mchange.v2.resourcepool.BasicResourcePool] - incremented pending_acquires: 8
2019-03-19 08:47:55,612 [main] DEBUG [com.mchange.v2.resourcepool.BasicResourcePool] - incremented pending_acquires: 9
2019-03-19 08:47:55,612 [main] DEBUG [com.mchange.v2.resourcepool.BasicResourcePool] - incremented pending_acquires: 10
2019-03-19 08:47:55,612 [main] DEBUG [com.mchange.v2.resourcepool.BasicResourcePool] - com.mchange.v2.resourcepool.BasicResourcePool@4a83a74a config: [start -&gt; 3; min -&gt; 10; max -&gt; 30; inc -&gt; 3; num_acq_attempts -&gt; 2; acq_attempt_delay -&gt; 1000; check_idle_resources_delay -&gt; 0; mox_resource_age -&gt; 0; max_idle_time -&gt; 0; excess_max_idle_time -&gt; 0; destroy_unreturned_resc_time -&gt; 0; expiration_enforcement_delay -&gt; 0; break_on_acquisition_failure -&gt; false; debug_store_checkout_exceptions -&gt; false]
2019-03-19 08:47:55,612 [main] INFO  [com.mchange.v2.c3p0.impl.AbstractPoolBackedDataSource] - Initializing c3p0 pool... com.mchange.v2.c3p0.ComboPooledDataSource [ acquireIncrement -&gt; 3, acquireRetryAttempts -&gt; 2, acquireRetryDelay -&gt; 1000, autoCommitOnClose -&gt; false, automaticTestTable -&gt; null, breakAfterAcquireFailure -&gt; false, checkoutTimeout -&gt; 1000, connectionCustomizerClassName -&gt; null, connectionTesterClassName -&gt; com.mchange.v2.c3p0.impl.DefaultConnectionTester, dataSourceName -&gt; 1hgeby9a114wizml15tntg|41fbdac4, debugUnreturnedConnectionStackTraces -&gt; false, description -&gt; null, driverClass -&gt; com.mysql.jdbc.Driver, factoryClassLocation -&gt; null, forceIgnoreUnresolvedTransactions -&gt; false, identityToken -&gt; 1hgeby9a114wizml15tntg|41fbdac4, idleConnectionTestPeriod -&gt; 0, initialPoolSize -&gt; 3, jdbcUrl -&gt; jdbc:mysql://localhost:3306/sm_project?useUnicode=true&amp;amp;characterEncoding=utf-8&amp;amp;useSSL=false, maxAdministrativeTaskTime -&gt; 0, maxConnectionAge -&gt; 0, maxIdleTime -&gt; 0, maxIdleTimeExcessConnections -&gt; 0, maxPoolSize -&gt; 30, maxStatements -&gt; 0, maxStatementsPerConnection -&gt; 0, minPoolSize -&gt; 10, numHelperThreads -&gt; 3, numThreadsAwaitingCheckoutDefaultUser -&gt; 0, preferredTestQuery -&gt; null, properties -&gt; {user=******, password=******}, propertyCycle -&gt; 0, testConnectionOnCheckin -&gt; false, testConnectionOnCheckout -&gt; false, unreturnedConnectionTimeout -&gt; 0, usesTraditionalReflectiveProxies -&gt; false ]
2019-03-19 08:47:55,612 [main] DEBUG [com.mchange.v2.resourcepool.BasicResourcePool] - acquire test -- pool size: 0; target_pool_size: 10; desired target? 1
2019-03-19 08:47:55,612 [main] DEBUG [com.mchange.v2.resourcepool.BasicResourcePool] - awaitAvailable(): [unknown]
2019-03-19 08:47:55,612 [main] DEBUG [com.mchange.v2.resourcepool.BasicResourcePool] - trace com.mchange.v2.resourcepool.BasicResourcePool@4a83a74a [managed: 0, unused: 0, excluded: 0]
2019-03-19 08:47:56,079 [com.mchange.v2.async.ThreadPoolAsynchronousRunner$PoolThread-#2] DEBUG [com.mchange.v2.c3p0.impl.C3P0PooledConnectionPool] - com.mchange.v2.c3p0.impl.C3P0PooledConnectionPool$1PooledConnectionResourcePoolManager@79857728.acquireResource() returning. 
2019-03-19 08:47:56,079 [com.mchange.v2.async.ThreadPoolAsynchronousRunner$PoolThread-#1] DEBUG [com.mchange.v2.c3p0.impl.C3P0PooledConnectionPool] - com.mchange.v2.c3p0.impl.C3P0PooledConnectionPool$1PooledConnectionResourcePoolManager@79857728.acquireResource() returning. 
2019-03-19 08:47:56,080 [com.mchange.v2.async.ThreadPoolAsynchronousRunner$PoolThread-#2] DEBUG [com.mchange.v2.resourcepool.BasicResourcePool] - trace com.mchange.v2.resourcepool.BasicResourcePool@4a83a74a [managed: 1, unused: 1, excluded: 0]
2019-03-19 08:47:56,080 [com.mchange.v2.async.ThreadPoolAsynchronousRunner$PoolThread-#1] DEBUG [com.mchange.v2.resourcepool.BasicResourcePool] - trace com.mchange.v2.resourcepool.BasicResourcePool@4a83a74a [managed: 2, unused: 1, excluded: 0] (e.g. com.mchange.v2.c3p0.impl.NewPooledConnection@60dbeb5)
2019-03-19 08:47:56,080 [main] DEBUG [com.mchange.v2.resourcepool.BasicResourcePool] - trace com.mchange.v2.resourcepool.BasicResourcePool@4a83a74a [managed: 2, unused: 1, excluded: 0] (e.g. com.mchange.v2.c3p0.impl.NewPooledConnection@60dbeb5)
2019-03-19 08:47:56,080 [com.mchange.v2.async.ThreadPoolAsynchronousRunner$PoolThread-#2] DEBUG [com.mchange.v2.resourcepool.BasicResourcePool] - decremented pending_acquires: 9
2019-03-19 08:47:56,081 [com.mchange.v2.async.ThreadPoolAsynchronousRunner$PoolThread-#1] DEBUG [com.mchange.v2.resourcepool.BasicResourcePool] - decremented pending_acquires: 8
2019-03-19 08:47:56,081 [main] DEBUG [org.mybatis.spring.transaction.SpringManagedTransaction] - JDBC Connection [com.mchange.v2.c3p0.impl.NewProxyConnection@7f485fda] will not be managed by Spring
2019-03-19 08:47:56,079 [com.mchange.v2.async.ThreadPoolAsynchronousRunner$PoolThread-#0] DEBUG [com.mchange.v2.c3p0.impl.C3P0PooledConnectionPool] - com.mchange.v2.c3p0.impl.C3P0PooledConnectionPool$1PooledConnectionResourcePoolManager@79857728.acquireResource() returning. 
2019-03-19 08:47:56,083 [com.mchange.v2.async.ThreadPoolAsynchronousRunner$PoolThread-#0] DEBUG [com.mchange.v2.resourcepool.BasicResourcePool] - trace com.mchange.v2.resourcepool.BasicResourcePool@4a83a74a [managed: 3, unused: 2, excluded: 0] (e.g. com.mchange.v2.c3p0.impl.NewPooledConnection@60dbeb5)
2019-03-19 08:47:56,083 [com.mchange.v2.async.ThreadPoolAsynchronousRunner$PoolThread-#0] DEBUG [com.mchange.v2.resourcepool.BasicResourcePool] - decremented pending_acquires: 7
2019-03-19 08:47:56,088 [main] DEBUG [com.two.dao.UserMapper.insert] - ==&gt;  Preparing: insert into tb_user (user_id, user_name, user_birthday, user_salary) values (?, ?, ?, ?) 
2019-03-19 08:47:56,125 [com.mchange.v2.async.ThreadPoolAsynchronousRunner$PoolThread-#1] DEBUG [com.mchange.v2.c3p0.impl.C3P0PooledConnectionPool] - com.mchange.v2.c3p0.impl.C3P0PooledConnectionPool$1PooledConnectionResourcePoolManager@79857728.acquireResource() returning. 
2019-03-19 08:47:56,125 [com.mchange.v2.async.ThreadPoolAsynchronousRunner$PoolThread-#1] DEBUG [com.mchange.v2.resourcepool.BasicResourcePool] - trace com.mchange.v2.resourcepool.BasicResourcePool@4a83a74a [managed: 4, unused: 3, excluded: 0] (e.g. com.mchange.v2.c3p0.impl.NewPooledConnection@60dbeb5)
2019-03-19 08:47:56,125 [com.mchange.v2.async.ThreadPoolAsynchronousRunner$PoolThread-#1] DEBUG [com.mchange.v2.resourcepool.BasicResourcePool] - decremented pending_acquires: 6
2019-03-19 08:47:56,125 [com.mchange.v2.async.ThreadPoolAsynchronousRunner$PoolThread-#2] DEBUG [com.mchange.v2.c3p0.impl.C3P0PooledConnectionPool] - com.mchange.v2.c3p0.impl.C3P0PooledConnectionPool$1PooledConnectionResourcePoolManager@79857728.acquireResource() returning. 
2019-03-19 08:47:56,125 [com.mchange.v2.async.ThreadPoolAsynchronousRunner$PoolThread-#2] DEBUG [com.mchange.v2.resourcepool.BasicResourcePool] - trace com.mchange.v2.resourcepool.BasicResourcePool@4a83a74a [managed: 5, unused: 4, excluded: 0] (e.g. com.mchange.v2.c3p0.impl.NewPooledConnection@60dbeb5)
2019-03-19 08:47:56,125 [com.mchange.v2.async.ThreadPoolAsynchronousRunner$PoolThread-#2] DEBUG [com.mchange.v2.resourcepool.BasicResourcePool] - decremented pending_acquires: 5
2019-03-19 08:47:56,125 [com.mchange.v2.async.ThreadPoolAsynchronousRunner$PoolThread-#0] DEBUG [com.mchange.v2.c3p0.impl.C3P0PooledConnectionPool] - com.mchange.v2.c3p0.impl.C3P0PooledConnectionPool$1PooledConnectionResourcePoolManager@79857728.acquireResource() returning. 
2019-03-19 08:47:56,125 [com.mchange.v2.async.ThreadPoolAsynchronousRunner$PoolThread-#0] DEBUG [com.mchange.v2.resourcepool.BasicResourcePool] - trace com.mchange.v2.resourcepool.BasicResourcePool@4a83a74a [managed: 6, unused: 5, excluded: 0] (e.g. com.mchange.v2.c3p0.impl.NewPooledConnection@60dbeb5)
2019-03-19 08:47:56,125 [com.mchange.v2.async.ThreadPoolAsynchronousRunner$PoolThread-#0] DEBUG [com.mchange.v2.resourcepool.BasicResourcePool] - decremented pending_acquires: 4
2019-03-19 08:47:56,187 [com.mchange.v2.async.ThreadPoolAsynchronousRunner$PoolThread-#1] DEBUG [com.mchange.v2.c3p0.impl.C3P0PooledConnectionPool] - com.mchange.v2.c3p0.impl.C3P0PooledConnectionPool$1PooledConnectionResourcePoolManager@79857728.acquireResource() returning. 
2019-03-19 08:47:56,187 [com.mchange.v2.async.ThreadPoolAsynchronousRunner$PoolThread-#1] DEBUG [com.mchange.v2.resourcepool.BasicResourcePool] - trace com.mchange.v2.resourcepool.BasicResourcePool@4a83a74a [managed: 7, unused: 6, excluded: 0] (e.g. com.mchange.v2.c3p0.impl.NewPooledConnection@60dbeb5)
2019-03-19 08:47:56,187 [com.mchange.v2.async.ThreadPoolAsynchronousRunner$PoolThread-#1] DEBUG [com.mchange.v2.resourcepool.BasicResourcePool] - decremented pending_acquires: 3
2019-03-19 08:47:56,187 [com.mchange.v2.async.ThreadPoolAsynchronousRunner$PoolThread-#2] DEBUG [com.mchange.v2.c3p0.impl.C3P0PooledConnectionPool] - com.mchange.v2.c3p0.impl.C3P0PooledConnectionPool$1PooledConnectionResourcePoolManager@79857728.acquireResource() returning. 
2019-03-19 08:47:56,187 [com.mchange.v2.async.ThreadPoolAsynchronousRunner$PoolThread-#2] DEBUG [com.mchange.v2.resourcepool.BasicResourcePool] - trace com.mchange.v2.resourcepool.BasicResourcePool@4a83a74a [managed: 8, unused: 7, excluded: 0] (e.g. com.mchange.v2.c3p0.impl.NewPooledConnection@60dbeb5)
2019-03-19 08:47:56,187 [com.mchange.v2.async.ThreadPoolAsynchronousRunner$PoolThread-#2] DEBUG [com.mchange.v2.resourcepool.BasicResourcePool] - decremented pending_acquires: 2
2019-03-19 08:47:56,187 [main] DEBUG [com.two.dao.UserMapper.insert] - ==&gt; Parameters: null, James(String), 2019-03-19(Date), 15000.0(Double)
2019-03-19 08:47:56,203 [com.mchange.v2.async.ThreadPoolAsynchronousRunner$PoolThread-#0] DEBUG [com.mchange.v2.c3p0.impl.C3P0PooledConnectionPool] - com.mchange.v2.c3p0.impl.C3P0PooledConnectionPool$1PooledConnectionResourcePoolManager@79857728.acquireResource() returning. 
2019-03-19 08:47:56,203 [com.mchange.v2.async.ThreadPoolAsynchronousRunner$PoolThread-#0] DEBUG [com.mchange.v2.resourcepool.BasicResourcePool] - trace com.mchange.v2.resourcepool.BasicResourcePool@4a83a74a [managed: 9, unused: 8, excluded: 0] (e.g. com.mchange.v2.c3p0.impl.NewPooledConnection@60dbeb5)
2019-03-19 08:47:56,218 [com.mchange.v2.async.ThreadPoolAsynchronousRunner$PoolThread-#0] DEBUG [com.mchange.v2.resourcepool.BasicResourcePool] - decremented pending_acquires: 1
2019-03-19 08:47:56,218 [com.mchange.v2.async.ThreadPoolAsynchronousRunner$PoolThread-#1] DEBUG [com.mchange.v2.c3p0.impl.C3P0PooledConnectionPool] - com.mchange.v2.c3p0.impl.C3P0PooledConnectionPool$1PooledConnectionResourcePoolManager@79857728.acquireResource() returning. 
2019-03-19 08:47:56,218 [com.mchange.v2.async.ThreadPoolAsynchronousRunner$PoolThread-#1] DEBUG [com.mchange.v2.resourcepool.BasicResourcePool] - trace com.mchange.v2.resourcepool.BasicResourcePool@4a83a74a [managed: 10, unused: 9, excluded: 0] (e.g. com.mchange.v2.c3p0.impl.NewPooledConnection@60dbeb5)
2019-03-19 08:47:56,218 [com.mchange.v2.async.ThreadPoolAsynchronousRunner$PoolThread-#1] DEBUG [com.mchange.v2.resourcepool.BasicResourcePool] - decremented pending_acquires: 0
2019-03-19 08:47:56,250 [main] DEBUG [com.two.dao.UserMapper.insert] - &lt;==    Updates: 1
2019-03-19 08:47:56,328 [main] DEBUG [org.mybatis.spring.SqlSessionUtils] - Closing non transactional SqlSession [org.apache.ibatis.session.defaults.DefaultSqlSession@4145bad8]
2019-03-19 08:47:56,328 [main] DEBUG [org.springframework.jdbc.datasource.DataSourceUtils] - Returning JDBC Connection to DataSource
2019-03-19 08:47:56,328 [main] DEBUG [com.mchange.v2.resourcepool.BasicResourcePool] - trace com.mchange.v2.resourcepool.BasicResourcePool@4a83a74a [managed: 10, unused: 9, excluded: 0] (e.g. com.mchange.v2.c3p0.impl.NewPooledConnection@60dbeb5)
2019-03-19 08:47:56,328 [main] DEBUG [org.mybatis.spring.SqlSessionUtils] - Creating a new SqlSession
2019-03-19 08:47:56,328 [main] DEBUG [org.mybatis.spring.SqlSessionUtils] - SqlSession [org.apache.ibatis.session.defaults.DefaultSqlSession@cecf639] was not registered for synchronization because synchronization is not active
2019-03-19 08:47:56,328 [main] DEBUG [org.springframework.jdbc.datasource.DataSourceUtils] - Fetching JDBC Connection from DataSource
2019-03-19 08:47:56,328 [main] DEBUG [com.mchange.v2.resourcepool.BasicResourcePool] - trace com.mchange.v2.resourcepool.BasicResourcePool@4a83a74a [managed: 10, unused: 9, excluded: 0] (e.g. com.mchange.v2.c3p0.impl.NewPooledConnection@60dbeb5)
2019-03-19 08:47:56,328 [main] DEBUG [org.mybatis.spring.transaction.SpringManagedTransaction] - JDBC Connection [com.mchange.v2.c3p0.impl.NewProxyConnection@7e057f43] will not be managed by Spring
2019-03-19 08:47:56,328 [main] DEBUG [com.two.dao.UserMapper.selectByPrimaryKey] - ==&gt;  Preparing: select user_id, user_name, user_birthday, user_salary from tb_user where user_id = ? 
2019-03-19 08:47:56,328 [main] DEBUG [com.two.dao.UserMapper.selectByPrimaryKey] - ==&gt; Parameters: null
2019-03-19 08:47:56,359 [main] DEBUG [com.two.dao.UserMapper.selectByPrimaryKey] - &lt;==      Total: 0
2019-03-19 08:47:56,359 [main] DEBUG [org.mybatis.spring.SqlSessionUtils] - Closing non transactional SqlSession [org.apache.ibatis.session.defaults.DefaultSqlSession@cecf639]
2019-03-19 08:47:56,359 [main] DEBUG [org.springframework.jdbc.datasource.DataSourceUtils] - Returning JDBC Connection to DataSource
2019-03-19 08:47:56,359 [main] DEBUG [com.mchange.v2.resourcepool.BasicResourcePool] - trace com.mchange.v2.resourcepool.BasicResourcePool@4a83a74a [managed: 10, unused: 9, excluded: 0] (e.g. com.mchange.v2.c3p0.impl.NewPooledConnection@60dbeb5)
2019-03-19 08:47:56,375 [main] INFO  [com.two.dao.UserMapperTest] - after delete the user=null
2019-03-19 08:47:56,375 [main] DEBUG [org.springframework.test.context.support.DirtiesContextTestExecutionListener] - After test method: context [DefaultTestContext@4b9e13df testClass = UserMapperTest, testInstance = com.two.dao.UserMapperTest@2b98378d, testMethod = selectByPrimaryKey@UserMapperTest, testException = java.lang.NullPointerException, mergedContextConfiguration = [MergedContextConfiguration@475530b9 testClass = UserMapperTest, locations = &apos;{classpath:spring-mybatis.xml}&apos;, classes = &apos;{}&apos;, contextInitializerClasses = &apos;[]&apos;, activeProfiles = &apos;{}&apos;, propertySourceLocations = &apos;{}&apos;, propertySourceProperties = &apos;{}&apos;, contextLoader = &apos;org.springframework.test.context.support.DelegatingSmartContextLoader&apos;, parent = [null]]], class dirties context [false], class mode [null], method dirties context [false].
</system-out>
    <system-err>Tue Mar 19 08:47:55 CST 2019 WARN: Establishing SSL connection without server&apos;s identity verification is not recommended. According to MySQL 5.5.45+, 5.6.26+ and 5.7.6+ requirements SSL connection must be established by default if explicit option isn&apos;t set. For compliance with existing applications not using SSL the verifyServerCertificate property is set to &apos;false&apos;. You need either to explicitly disable SSL by setting useSSL=false, or set useSSL=true and provide truststore for server certificate verification.
Tue Mar 19 08:47:55 CST 2019 WARN: Establishing SSL connection without server&apos;s identity verification is not recommended. According to MySQL 5.5.45+, 5.6.26+ and 5.7.6+ requirements SSL connection must be established by default if explicit option isn&apos;t set. For compliance with existing applications not using SSL the verifyServerCertificate property is set to &apos;false&apos;. You need either to explicitly disable SSL by setting useSSL=false, or set useSSL=true and provide truststore for server certificate verification.
Tue Mar 19 08:47:55 CST 2019 WARN: Establishing SSL connection without server&apos;s identity verification is not recommended. According to MySQL 5.5.45+, 5.6.26+ and 5.7.6+ requirements SSL connection must be established by default if explicit option isn&apos;t set. For compliance with existing applications not using SSL the verifyServerCertificate property is set to &apos;false&apos;. You need either to explicitly disable SSL by setting useSSL=false, or set useSSL=true and provide truststore for server certificate verification.
Tue Mar 19 08:47:56 CST 2019 WARN: Establishing SSL connection without server&apos;s identity verification is not recommended. According to MySQL 5.5.45+, 5.6.26+ and 5.7.6+ requirements SSL connection must be established by default if explicit option isn&apos;t set. For compliance with existing applications not using SSL the verifyServerCertificate property is set to &apos;false&apos;. You need either to explicitly disable SSL by setting useSSL=false, or set useSSL=true and provide truststore for server certificate verification.
Tue Mar 19 08:47:56 CST 2019 WARN: Establishing SSL connection without server&apos;s identity verification is not recommended. According to MySQL 5.5.45+, 5.6.26+ and 5.7.6+ requirements SSL connection must be established by default if explicit option isn&apos;t set. For compliance with existing applications not using SSL the verifyServerCertificate property is set to &apos;false&apos;. You need either to explicitly disable SSL by setting useSSL=false, or set useSSL=true and provide truststore for server certificate verification.
Tue Mar 19 08:47:56 CST 2019 WARN: Establishing SSL connection without server&apos;s identity verification is not recommended. According to MySQL 5.5.45+, 5.6.26+ and 5.7.6+ requirements SSL connection must be established by default if explicit option isn&apos;t set. For compliance with existing applications not using SSL the verifyServerCertificate property is set to &apos;false&apos;. You need either to explicitly disable SSL by setting useSSL=false, or set useSSL=true and provide truststore for server certificate verification.
Tue Mar 19 08:47:56 CST 2019 WARN: Establishing SSL connection without server&apos;s identity verification is not recommended. According to MySQL 5.5.45+, 5.6.26+ and 5.7.6+ requirements SSL connection must be established by default if explicit option isn&apos;t set. For compliance with existing applications not using SSL the verifyServerCertificate property is set to &apos;false&apos;. You need either to explicitly disable SSL by setting useSSL=false, or set useSSL=true and provide truststore for server certificate verification.
Tue Mar 19 08:47:56 CST 2019 WARN: Establishing SSL connection without server&apos;s identity verification is not recommended. According to MySQL 5.5.45+, 5.6.26+ and 5.7.6+ requirements SSL connection must be established by default if explicit option isn&apos;t set. For compliance with existing applications not using SSL the verifyServerCertificate property is set to &apos;false&apos;. You need either to explicitly disable SSL by setting useSSL=false, or set useSSL=true and provide truststore for server certificate verification.
Tue Mar 19 08:47:56 CST 2019 WARN: Establishing SSL connection without server&apos;s identity verification is not recommended. According to MySQL 5.5.45+, 5.6.26+ and 5.7.6+ requirements SSL connection must be established by default if explicit option isn&apos;t set. For compliance with existing applications not using SSL the verifyServerCertificate property is set to &apos;false&apos;. You need either to explicitly disable SSL by setting useSSL=false, or set useSSL=true and provide truststore for server certificate verification.
Tue Mar 19 08:47:56 CST 2019 WARN: Establishing SSL connection without server&apos;s identity verification is not recommended. According to MySQL 5.5.45+, 5.6.26+ and 5.7.6+ requirements SSL connection must be established by default if explicit option isn&apos;t set. For compliance with existing applications not using SSL the verifyServerCertificate property is set to &apos;false&apos;. You need either to explicitly disable SSL by setting useSSL=false, or set useSSL=true and provide truststore for server certificate verification.
</system-err>
  </testcase>
  <testcase classname="com.two.dao.UserMapperTest" name="insert" time="0.016"/>
  <testcase classname="com.two.dao.UserMapperTest" name="updateByPrimaryKey" time="0.02">
    <error type="java.lang.NullPointerException">java.lang.NullPointerException
	at com.two.dao.UserMapperTest.updateByPrimaryKey(UserMapperTest.java:68)
	at sun.reflect.NativeMethodAccessorImpl.invoke0(Native Method)
	at sun.reflect.NativeMethodAccessorImpl.invoke(NativeMethodAccessorImpl.java:62)
	at sun.reflect.DelegatingMethodAccessorImpl.invoke(DelegatingMethodAccessorImpl.java:43)
	at java.lang.reflect.Method.invoke(Method.java:498)
	at org.junit.runners.model.FrameworkMethod$1.runReflectiveCall(FrameworkMethod.java:47)
	at org.junit.internal.runners.model.ReflectiveCallable.run(ReflectiveCallable.java:12)
	at org.junit.runners.model.FrameworkMethod.invokeExplosively(FrameworkMethod.java:44)
	at org.junit.internal.runners.statements.InvokeMethod.evaluate(InvokeMethod.java:17)
	at org.springframework.test.context.junit4.statements.RunBeforeTestMethodCallbacks.evaluate(RunBeforeTestMethodCallbacks.java:73)
	at org.springframework.test.context.junit4.statements.RunAfterTestMethodCallbacks.evaluate(RunAfterTestMethodCallbacks.java:82)
	at org.springframework.test.context.junit4.statements.SpringRepeat.evaluate(SpringRepeat.java:73)
	at org.junit.runners.ParentRunner.runLeaf(ParentRunner.java:271)
	at org.springframework.test.context.junit4.SpringJUnit4ClassRunner.runChild(SpringJUnit4ClassRunner.java:224)
	at org.springframework.test.context.junit4.SpringJUnit4ClassRunner.runChild(SpringJUnit4ClassRunner.java:83)
	at org.junit.runners.ParentRunner$3.run(ParentRunner.java:238)
	at org.junit.runners.ParentRunner$1.schedule(ParentRunner.java:63)
	at org.junit.runners.ParentRunner.runChildren(ParentRunner.java:236)
	at org.junit.runners.ParentRunner.access$000(ParentRunner.java:53)
	at org.junit.runners.ParentRunner$2.evaluate(ParentRunner.java:229)
	at org.springframework.test.context.junit4.statements.RunBeforeTestClassCallbacks.evaluate(RunBeforeTestClassCallbacks.java:61)
	at org.springframework.test.context.junit4.statements.RunAfterTestClassCallbacks.evaluate(RunAfterTestClassCallbacks.java:68)
	at org.junit.runners.ParentRunner.run(ParentRunner.java:309)
	at org.springframework.test.context.junit4.SpringJUnit4ClassRunner.run(SpringJUnit4ClassRunner.java:163)
	at org.apache.maven.surefire.junit4.JUnit4Provider.execute(JUnit4Provider.java:252)
	at org.apache.maven.surefire.junit4.JUnit4Provider.executeTestSet(JUnit4Provider.java:141)
	at org.apache.maven.surefire.junit4.JUnit4Provider.invoke(JUnit4Provider.java:112)
	at sun.reflect.NativeMethodAccessorImpl.invoke0(Native Method)
	at sun.reflect.NativeMethodAccessorImpl.invoke(NativeMethodAccessorImpl.java:62)
	at sun.reflect.DelegatingMethodAccessorImpl.invoke(DelegatingMethodAccessorImpl.java:43)
	at java.lang.reflect.Method.invoke(Method.java:498)
	at org.apache.maven.surefire.util.ReflectionUtils.invokeMethodWithArray(ReflectionUtils.java:189)
	at org.apache.maven.surefire.booter.ProviderFactory$ProviderProxy.invoke(ProviderFactory.java:165)
	at org.apache.maven.surefire.booter.ProviderFactory.invokeProvider(ProviderFactory.java:85)
	at org.apache.maven.surefire.booter.ForkedBooter.runSuitesInProcess(ForkedBooter.java:115)
	at org.apache.maven.surefire.booter.ForkedBooter.main(ForkedBooter.java:75)
</error>
    <system-out>2019-03-19 08:47:56,406 [main] DEBUG [org.springframework.test.annotation.ProfileValueUtils] - Retrieved @ProfileValueSourceConfiguration [null] for test class [com.two.dao.UserMapperTest]
2019-03-19 08:47:56,406 [main] DEBUG [org.springframework.test.annotation.ProfileValueUtils] - Retrieved ProfileValueSource type [class org.springframework.test.annotation.SystemProfileValueSource] for class [com.two.dao.UserMapperTest]
2019-03-19 08:47:56,406 [main] DEBUG [org.springframework.test.context.support.DependencyInjectionTestExecutionListener] - Performing dependency injection for test context [[DefaultTestContext@4b9e13df testClass = UserMapperTest, testInstance = com.two.dao.UserMapperTest@536f2a7e, testMethod = [null], testException = [null], mergedContextConfiguration = [MergedContextConfiguration@475530b9 testClass = UserMapperTest, locations = &apos;{classpath:spring-mybatis.xml}&apos;, classes = &apos;{}&apos;, contextInitializerClasses = &apos;[]&apos;, activeProfiles = &apos;{}&apos;, propertySourceLocations = &apos;{}&apos;, propertySourceProperties = &apos;{}&apos;, contextLoader = &apos;org.springframework.test.context.support.DelegatingSmartContextLoader&apos;, parent = [null]]]].
2019-03-19 08:47:56,406 [main] DEBUG [org.springframework.test.context.DefaultCacheAwareContextLoaderDelegate] - Retrieved ApplicationContext from cache with key [[MergedContextConfiguration@475530b9 testClass = UserMapperTest, locations = &apos;{classpath:spring-mybatis.xml}&apos;, classes = &apos;{}&apos;, contextInitializerClasses = &apos;[]&apos;, activeProfiles = &apos;{}&apos;, propertySourceLocations = &apos;{}&apos;, propertySourceProperties = &apos;{}&apos;, contextLoader = &apos;org.springframework.test.context.support.DelegatingSmartContextLoader&apos;, parent = [null]]]
2019-03-19 08:47:56,406 [main] DEBUG [org.springframework.test.context.cache] - Spring test ApplicationContext cache statistics: [ContextCache@26e356f0 size = 1, hitCount = 2, missCount = 1, parentContextCount = 0]
2019-03-19 08:47:56,406 [main] DEBUG [org.springframework.beans.factory.annotation.InjectionMetadata] - Processing injected element of bean &apos;com.two.dao.UserMapperTest&apos;: AutowiredFieldElement for private com.two.dao.UserMapper com.two.dao.UserMapperTest.userDAO
2019-03-19 08:47:56,406 [main] DEBUG [org.springframework.beans.factory.support.DefaultListableBeanFactory] - Returning cached instance of singleton bean &apos;userMapper&apos;
2019-03-19 08:47:56,406 [main] INFO  [com.two.dao.UserMapperTest] - before update the user=com.two.entity.User@72bc6553
2019-03-19 08:47:56,406 [main] DEBUG [org.mybatis.spring.SqlSessionUtils] - Creating a new SqlSession
2019-03-19 08:47:56,406 [main] DEBUG [org.mybatis.spring.SqlSessionUtils] - SqlSession [org.apache.ibatis.session.defaults.DefaultSqlSession@66982506] was not registered for synchronization because synchronization is not active
2019-03-19 08:47:56,406 [main] DEBUG [org.springframework.jdbc.datasource.DataSourceUtils] - Fetching JDBC Connection from DataSource
2019-03-19 08:47:56,406 [main] DEBUG [com.mchange.v2.resourcepool.BasicResourcePool] - trace com.mchange.v2.resourcepool.BasicResourcePool@4a83a74a [managed: 10, unused: 9, excluded: 0] (e.g. com.mchange.v2.c3p0.impl.NewPooledConnection@60dbeb5)
2019-03-19 08:47:56,406 [main] DEBUG [org.mybatis.spring.transaction.SpringManagedTransaction] - JDBC Connection [com.mchange.v2.c3p0.impl.NewProxyConnection@5a59ca5e] will not be managed by Spring
2019-03-19 08:47:56,406 [main] DEBUG [com.two.dao.UserMapper.insert] - ==&gt;  Preparing: insert into tb_user (user_id, user_name, user_birthday, user_salary) values (?, ?, ?, ?) 
2019-03-19 08:47:56,421 [main] DEBUG [com.two.dao.UserMapper.insert] - ==&gt; Parameters: null, Daniel(String), 2019-03-19(Date), 13000.0(Double)
2019-03-19 08:47:56,421 [main] DEBUG [com.two.dao.UserMapper.insert] - &lt;==    Updates: 1
2019-03-19 08:47:56,421 [main] DEBUG [org.mybatis.spring.SqlSessionUtils] - Closing non transactional SqlSession [org.apache.ibatis.session.defaults.DefaultSqlSession@66982506]
2019-03-19 08:47:56,421 [main] DEBUG [org.springframework.jdbc.datasource.DataSourceUtils] - Returning JDBC Connection to DataSource
2019-03-19 08:47:56,421 [main] DEBUG [com.mchange.v2.resourcepool.BasicResourcePool] - trace com.mchange.v2.resourcepool.BasicResourcePool@4a83a74a [managed: 10, unused: 9, excluded: 0] (e.g. com.mchange.v2.c3p0.impl.NewPooledConnection@60dbeb5)
2019-03-19 08:47:56,421 [main] DEBUG [org.mybatis.spring.SqlSessionUtils] - Creating a new SqlSession
2019-03-19 08:47:56,421 [main] DEBUG [org.mybatis.spring.SqlSessionUtils] - SqlSession [org.apache.ibatis.session.defaults.DefaultSqlSession@6f53b8a] was not registered for synchronization because synchronization is not active
2019-03-19 08:47:56,421 [main] DEBUG [org.springframework.jdbc.datasource.DataSourceUtils] - Fetching JDBC Connection from DataSource
2019-03-19 08:47:56,421 [main] DEBUG [com.mchange.v2.resourcepool.BasicResourcePool] - trace com.mchange.v2.resourcepool.BasicResourcePool@4a83a74a [managed: 10, unused: 8, excluded: 0] (e.g. com.mchange.v2.c3p0.impl.NewPooledConnection@60dbeb5)
2019-03-19 08:47:56,421 [main] DEBUG [org.mybatis.spring.transaction.SpringManagedTransaction] - JDBC Connection [com.mchange.v2.c3p0.impl.NewProxyConnection@7d900ecf] will not be managed by Spring
2019-03-19 08:47:56,421 [main] DEBUG [com.two.dao.UserMapper.updateByPrimaryKey] - ==&gt;  Preparing: update tb_user set user_name = ?, user_birthday = ?, user_salary = ? where user_id = ? 
2019-03-19 08:47:56,421 [main] DEBUG [com.two.dao.UserMapper.updateByPrimaryKey] - ==&gt; Parameters: Daniel(String), 2019-03-19(Date), 22000.0(Double), null
2019-03-19 08:47:56,441 [main] DEBUG [com.two.dao.UserMapper.updateByPrimaryKey] - &lt;==    Updates: 0
2019-03-19 08:47:56,441 [main] DEBUG [org.mybatis.spring.SqlSessionUtils] - Closing non transactional SqlSession [org.apache.ibatis.session.defaults.DefaultSqlSession@6f53b8a]
2019-03-19 08:47:56,441 [main] DEBUG [org.springframework.jdbc.datasource.DataSourceUtils] - Returning JDBC Connection to DataSource
2019-03-19 08:47:56,441 [main] DEBUG [com.mchange.v2.resourcepool.BasicResourcePool] - trace com.mchange.v2.resourcepool.BasicResourcePool@4a83a74a [managed: 10, unused: 8, excluded: 0] (e.g. com.mchange.v2.c3p0.impl.NewPooledConnection@60dbeb5)
2019-03-19 08:47:56,441 [main] DEBUG [org.mybatis.spring.SqlSessionUtils] - Creating a new SqlSession
2019-03-19 08:47:56,441 [main] DEBUG [org.mybatis.spring.SqlSessionUtils] - SqlSession [org.apache.ibatis.session.defaults.DefaultSqlSession@5965d37] was not registered for synchronization because synchronization is not active
2019-03-19 08:47:56,441 [main] DEBUG [org.springframework.jdbc.datasource.DataSourceUtils] - Fetching JDBC Connection from DataSource
2019-03-19 08:47:56,441 [main] DEBUG [com.mchange.v2.resourcepool.BasicResourcePool] - trace com.mchange.v2.resourcepool.BasicResourcePool@4a83a74a [managed: 10, unused: 7, excluded: 0] (e.g. com.mchange.v2.c3p0.impl.NewPooledConnection@60dbeb5)
2019-03-19 08:47:56,441 [main] DEBUG [org.mybatis.spring.transaction.SpringManagedTransaction] - JDBC Connection [com.mchange.v2.c3p0.impl.NewProxyConnection@4201c465] will not be managed by Spring
2019-03-19 08:47:56,441 [main] DEBUG [com.two.dao.UserMapper.selectByPrimaryKey] - ==&gt;  Preparing: select user_id, user_name, user_birthday, user_salary from tb_user where user_id = ? 
2019-03-19 08:47:56,441 [main] DEBUG [com.two.dao.UserMapper.selectByPrimaryKey] - ==&gt; Parameters: null
2019-03-19 08:47:56,441 [main] DEBUG [com.two.dao.UserMapper.selectByPrimaryKey] - &lt;==      Total: 0
2019-03-19 08:47:56,441 [main] DEBUG [org.mybatis.spring.SqlSessionUtils] - Closing non transactional SqlSession [org.apache.ibatis.session.defaults.DefaultSqlSession@5965d37]
2019-03-19 08:47:56,441 [main] DEBUG [org.springframework.jdbc.datasource.DataSourceUtils] - Returning JDBC Connection to DataSource
2019-03-19 08:47:56,441 [main] DEBUG [com.mchange.v2.resourcepool.BasicResourcePool] - trace com.mchange.v2.resourcepool.BasicResourcePool@4a83a74a [managed: 10, unused: 7, excluded: 0] (e.g. com.mchange.v2.c3p0.impl.NewPooledConnection@60dbeb5)
2019-03-19 08:47:56,441 [main] INFO  [com.two.dao.UserMapperTest] - after update the user=null
2019-03-19 08:47:56,441 [main] DEBUG [org.springframework.test.context.support.DirtiesContextTestExecutionListener] - After test method: context [DefaultTestContext@4b9e13df testClass = UserMapperTest, testInstance = com.two.dao.UserMapperTest@536f2a7e, testMethod = updateByPrimaryKey@UserMapperTest, testException = java.lang.NullPointerException, mergedContextConfiguration = [MergedContextConfiguration@475530b9 testClass = UserMapperTest, locations = &apos;{classpath:spring-mybatis.xml}&apos;, classes = &apos;{}&apos;, contextInitializerClasses = &apos;[]&apos;, activeProfiles = &apos;{}&apos;, propertySourceLocations = &apos;{}&apos;, propertySourceProperties = &apos;{}&apos;, contextLoader = &apos;org.springframework.test.context.support.DelegatingSmartContextLoader&apos;, parent = [null]]], class dirties context [false], class mode [null], method dirties context [false].
</system-out>
  </testcase>
</testsuite>